2022-11-15 19:16:57,153 - dash_client.py:506 - INFO - Downloading MPD file http://server/media/BigBuckBunny/4sec/BigBuckBunny_4s.mpd
2022-11-15 19:16:57,931 - dash_client.py:92 - INFO - Downloaded the MPD file BigBuckBunny_4s.mpd
2022-11-15 19:16:57,931 - read_mpd.py:121 - INFO - Reading the MPD file
2022-11-15 19:16:57,939 - read_mpd.py:157 - INFO - Found Video
2022-11-15 19:16:57,939 - read_mpd.py:159 - INFO - Retrieving Media
2022-11-15 19:16:57,946 - dash_client.py:515 - INFO - The DASH media has 20 video representations
2022-11-15 19:16:57,946 - dash_client.py:525 - CRITICAL - Started Basic-DASH Playback
2022-11-15 19:16:57,946 - dash_buffer.py:19 - INFO - Initializing the Buffer
2022-11-15 19:16:57,947 - dash_buffer.py:54 - INFO - VideoLength=596.46,segmentDuration=4,MaxBufferSize=596.46,InitialBuffer(secs)=1,BufferAlph(secs)=5,BufferBeta(secs)=10
2022-11-15 19:16:57,947 - dash_buffer.py:62 - INFO - Changing state from INITIALIZED to INITIAL_BUFFERING at 0 Playback time 
2022-11-15 19:16:57,948 - dash_buffer.py:256 - INFO - BufferStats: EpochTime=0,CurrentPlaybackTime=0,CurrentBufferSize=0,CurrentPlaybackState=INITIAL_BUFFERING,Action=Starting,Bitrate=0
2022-11-15 19:16:57,948 - dash_buffer.py:221 - INFO - Starting the Player
2022-11-15 19:16:57,949 - dash_buffer.py:256 - INFO - BufferStats: EpochTime=0,CurrentPlaybackTime=0,CurrentBufferSize=0,CurrentPlaybackState=INITIAL_BUFFERING,Action=Starting,Bitrate=0
2022-11-15 19:16:57,949 - dash_client.py:202 - INFO - The segments are stored in TEMP_YrEEZP
2022-11-15 19:16:57,952 - dash_client.py:241 - INFO -  BASIC: Processing the segment 1
2022-11-15 19:16:57,952 - dash_buffer.py:75 - INFO - Initialized player with video length 596.46
2022-11-15 19:16:57,953 - dash_client.py:320 - INFO - BASIC: Segment URL = http://server/media/BigBuckBunny/4sec/bunny_45226bps/BigBuckBunny_4s_init.mp4
2022-11-15 19:16:57,958 - dash_client.py:335 - INFO - BASIC: Downloaded segment http://server/media/BigBuckBunny/4sec/bunny_45226bps/BigBuckBunny_4s_init.mp4
2022-11-15 19:16:57,958 - dash_client.py:351 - INFO - BASIC : The total downloaded = 877, segment_size = 877, segment_number = 1
2022-11-15 19:16:57,959 - dash_buffer.py:206 - INFO - Writing segment 1 at time 4.05311584473e-06
2022-11-15 19:16:57,959 - dash_buffer.py:256 - INFO - BufferStats: EpochTime=0.000385999679565,CurrentPlaybackTime=0,CurrentBufferSize=1,CurrentPlaybackState=INITIAL_BUFFERING,Action=Writing,Bitrate=45226
2022-11-15 19:16:57,960 - dash_client.py:365 - INFO - Downloaded http://server/media/BigBuckBunny/4sec/bunny_45226bps/BigBuckBunny_4s_init.mp4. Size = 877 in 0.00204992294312 seconds
2022-11-15 19:16:57,960 - dash_client.py:241 - INFO -  BASIC: Processing the segment 2
2022-11-15 19:16:57,961 - basic_dash2.py:59 - INFO - Basic Adaptation: Download Rate = 3422567.67434, next_bitrate = 88783.0
2022-11-15 19:16:57,961 - dash_client.py:264 - INFO - Basic-DASH: Selected 88783.0 for the segment 3
2022-11-15 19:16:57,962 - dash_client.py:320 - INFO - BASIC: Segment URL = http://server/media/BigBuckBunny/4sec/bunny_88783bps/BigBuckBunny_4s1.m4s
2022-11-15 19:16:57,962 - dash_buffer.py:138 - INFO - Initial Waiting Time = 0.00547790527344
2022-11-15 19:16:57,963 - dash_buffer.py:62 - INFO - Changing state from INITIAL_BUFFERING to PLAY at 0 Playback time 
2022-11-15 19:16:57,963 - dash_buffer.py:256 - INFO - BufferStats: EpochTime=0.00417804718018,CurrentPlaybackTime=0,CurrentBufferSize=1,CurrentPlaybackState=PLAY,Action=InitialBuffering-Play,Bitrate=0
2022-11-15 19:16:57,964 - dash_buffer.py:162 - INFO - Reading the segment number 1 from the buffer at playtime 0
2022-11-15 19:16:57,964 - dash_buffer.py:256 - INFO - BufferStats: EpochTime=0.00530099868774,CurrentPlaybackTime=0,CurrentBufferSize=0,CurrentPlaybackState=PLAY,Action=StillPlaying,Bitrate=45226
2022-11-15 19:16:57,965 - dash_buffer.py:175 - INFO - Started playing with representation 45226 at 0
2022-11-15 19:16:58,058 - dash_client.py:335 - INFO - BASIC: Downloaded segment http://server/media/BigBuckBunny/4sec/bunny_88783bps/BigBuckBunny_4s1.m4s
2022-11-15 19:16:58,058 - dash_client.py:351 - INFO - BASIC : The total downloaded = 43939, segment_size = 43062, segment_number = 2
2022-11-15 19:16:58,058 - dash_buffer.py:206 - INFO - Writing segment 2 at time 0.0993330478668
2022-11-15 19:16:58,059 - dash_buffer.py:256 - INFO - BufferStats: EpochTime=0.099641084671,CurrentPlaybackTime=0,CurrentBufferSize=1,CurrentPlaybackState=PLAY,Action=Writing,Bitrate=88783.0
2022-11-15 19:16:58,059 - dash_client.py:365 - INFO - Downloaded http://server/media/BigBuckBunny/4sec/bunny_88783bps/BigBuckBunny_4s1.m4s. Size = 43062 in 0.0958738327026 seconds
2022-11-15 19:16:58,059 - dash_client.py:241 - INFO -  BASIC: Processing the segment 3
2022-11-15 19:16:58,060 - basic_dash2.py:59 - INFO - Basic Adaptation: Download Rate = 3589649.90346, next_bitrate = 128503.0
2022-11-15 19:16:58,060 - dash_client.py:264 - INFO - Basic-DASH: Selected 128503.0 for the segment 4
2022-11-15 19:16:58,061 - dash_client.py:320 - INFO - BASIC: Segment URL = http://server/media/BigBuckBunny/4sec/bunny_128503bps/BigBuckBunny_4s2.m4s
2022-11-15 19:16:58,311 - dash_client.py:335 - INFO - BASIC: Downloaded segment http://server/media/BigBuckBunny/4sec/bunny_128503bps/BigBuckBunny_4s2.m4s
2022-11-15 19:16:58,311 - dash_client.py:351 - INFO - BASIC : The total downloaded = 113101, segment_size = 69162, segment_number = 3
2022-11-15 19:16:58,312 - dash_buffer.py:206 - INFO - Writing segment 3 at time 0.352878093719
2022-11-15 19:16:58,312 - dash_buffer.py:256 - INFO - BufferStats: EpochTime=0.353142023087,CurrentPlaybackTime=0,CurrentBufferSize=2,CurrentPlaybackState=PLAY,Action=Writing,Bitrate=128503.0
2022-11-15 19:16:58,312 - dash_client.py:365 - INFO - Downloaded http://server/media/BigBuckBunny/4sec/bunny_128503bps/BigBuckBunny_4s2.m4s. Size = 69162 in 0.250567913055 seconds
2022-11-15 19:16:58,313 - dash_client.py:241 - INFO -  BASIC: Processing the segment 4
2022-11-15 19:16:58,314 - basic_dash2.py:59 - INFO - Basic Adaptation: Download Rate = 2596354.75181, next_bitrate = 177437.0
2022-11-15 19:16:58,314 - dash_client.py:264 - INFO - Basic-DASH: Selected 177437.0 for the segment 5
2022-11-15 19:16:58,314 - dash_client.py:320 - INFO - BASIC: Segment URL = http://server/media/BigBuckBunny/4sec/bunny_177437bps/BigBuckBunny_4s3.m4s
2022-11-15 19:16:58,536 - dash_client.py:335 - INFO - BASIC: Downloaded segment http://server/media/BigBuckBunny/4sec/bunny_177437bps/BigBuckBunny_4s3.m4s
2022-11-15 19:16:58,537 - dash_client.py:351 - INFO - BASIC : The total downloaded = 212355, segment_size = 99254, segment_number = 4
2022-11-15 19:16:58,537 - dash_buffer.py:206 - INFO - Writing segment 4 at time 0.577929019928
2022-11-15 19:16:58,537 - dash_buffer.py:256 - INFO - BufferStats: EpochTime=0.578191995621,CurrentPlaybackTime=0,CurrentBufferSize=3,CurrentPlaybackState=PLAY,Action=Writing,Bitrate=177437.0
2022-11-15 19:16:58,537 - dash_client.py:365 - INFO - Downloaded http://server/media/BigBuckBunny/4sec/bunny_177437bps/BigBuckBunny_4s3.m4s. Size = 99254 in 0.22217798233 seconds
2022-11-15 19:16:58,538 - dash_client.py:241 - INFO -  BASIC: Processing the segment 5
2022-11-15 19:16:58,538 - basic_dash2.py:59 - INFO - Basic Adaptation: Download Rate = 2976923.68418, next_bitrate = 217761.0
2022-11-15 19:16:58,539 - dash_client.py:264 - INFO - Basic-DASH: Selected 217761.0 for the segment 6
2022-11-15 19:16:58,539 - dash_client.py:320 - INFO - BASIC: Segment URL = http://server/media/BigBuckBunny/4sec/bunny_217761bps/BigBuckBunny_4s4.m4s
2022-11-15 19:16:58,802 - dash_client.py:335 - INFO - BASIC: Downloaded segment http://server/media/BigBuckBunny/4sec/bunny_217761bps/BigBuckBunny_4s4.m4s
2022-11-15 19:16:58,803 - dash_client.py:351 - INFO - BASIC : The total downloaded = 330993, segment_size = 118638, segment_number = 5
2022-11-15 19:16:58,803 - dash_buffer.py:206 - INFO - Writing segment 5 at time 0.844048976898
2022-11-15 19:16:58,803 - dash_buffer.py:256 - INFO - BufferStats: EpochTime=0.844309091568,CurrentPlaybackTime=0,CurrentBufferSize=4,CurrentPlaybackState=PLAY,Action=Writing,Bitrate=217761.0
2022-11-15 19:16:58,804 - dash_client.py:365 - INFO - Downloaded http://server/media/BigBuckBunny/4sec/bunny_217761bps/BigBuckBunny_4s4.m4s. Size = 118638 in 0.26337313652 seconds
2022-11-15 19:16:58,804 - dash_client.py:241 - INFO -  BASIC: Processing the segment 6
2022-11-15 19:16:58,805 - basic_dash2.py:59 - INFO - Basic Adaptation: Download Rate = 3174829.92422, next_bitrate = 255865.0
2022-11-15 19:16:58,805 - dash_client.py:264 - INFO - Basic-DASH: Selected 255865.0 for the segment 7
2022-11-15 19:16:58,805 - dash_client.py:320 - INFO - BASIC: Segment URL = http://server/media/BigBuckBunny/4sec/bunny_255865bps/BigBuckBunny_4s5.m4s
2022-11-15 19:16:59,048 - dash_client.py:335 - INFO - BASIC: Downloaded segment http://server/media/BigBuckBunny/4sec/bunny_255865bps/BigBuckBunny_4s5.m4s
2022-11-15 19:16:59,048 - dash_client.py:351 - INFO - BASIC : The total downloaded = 441929, segment_size = 110936, segment_number = 6
2022-11-15 19:16:59,048 - dash_buffer.py:206 - INFO - Writing segment 6 at time 1.08936595917
2022-11-15 19:16:59,049 - dash_buffer.py:256 - INFO - BufferStats: EpochTime=1.08962798119,CurrentPlaybackTime=1,CurrentBufferSize=5,CurrentPlaybackState=PLAY,Action=Writing,Bitrate=255865.0
2022-11-15 19:16:59,049 - dash_client.py:365 - INFO - Downloaded http://server/media/BigBuckBunny/4sec/bunny_255865bps/BigBuckBunny_4s5.m4s. Size = 110936 in 0.242385864258 seconds
2022-11-15 19:16:59,049 - dash_client.py:241 - INFO -  BASIC: Processing the segment 7
2022-11-15 19:16:59,050 - basic_dash2.py:59 - INFO - Basic Adaptation: Download Rate = 3284145.43698, next_bitrate = 323047.0
2022-11-15 19:16:59,050 - dash_client.py:264 - INFO - Basic-DASH: Selected 323047.0 for the segment 8
2022-11-15 19:16:59,050 - dash_client.py:320 - INFO - BASIC: Segment URL = http://server/media/BigBuckBunny/4sec/bunny_323047bps/BigBuckBunny_4s6.m4s
2022-11-15 19:16:59,285 - dash_client.py:335 - INFO - BASIC: Downloaded segment http://server/media/BigBuckBunny/4sec/bunny_323047bps/BigBuckBunny_4s6.m4s
2022-11-15 19:16:59,285 - dash_client.py:351 - INFO - BASIC : The total downloaded = 547417, segment_size = 105488, segment_number = 7
2022-11-15 19:16:59,286 - dash_buffer.py:206 - INFO - Writing segment 7 at time 1.32674598694
2022-11-15 19:16:59,286 - dash_buffer.py:256 - INFO - BufferStats: EpochTime=1.32700705528,CurrentPlaybackTime=1,CurrentBufferSize=6,CurrentPlaybackState=PLAY,Action=Writing,Bitrate=323047.0
2022-11-15 19:16:59,286 - dash_client.py:365 - INFO - Downloaded http://server/media/BigBuckBunny/4sec/bunny_323047bps/BigBuckBunny_4s6.m4s. Size = 105488 in 0.234600067139 seconds
2022-11-15 19:16:59,286 - dash_client.py:241 - INFO -  BASIC: Processing the segment 8
2022-11-15 19:16:59,287 - basic_dash2.py:59 - INFO - Basic Adaptation: Download Rate = 3320260.09442, next_bitrate = 378355.0
2022-11-15 19:16:59,287 - dash_client.py:264 - INFO - Basic-DASH: Selected 378355.0 for the segment 9
2022-11-15 19:16:59,288 - dash_client.py:320 - INFO - BASIC: Segment URL = http://server/media/BigBuckBunny/4sec/bunny_378355bps/BigBuckBunny_4s7.m4s
2022-11-15 19:16:59,686 - dash_client.py:335 - INFO - BASIC: Downloaded segment http://server/media/BigBuckBunny/4sec/bunny_378355bps/BigBuckBunny_4s7.m4s
2022-11-15 19:16:59,686 - dash_client.py:351 - INFO - BASIC : The total downloaded = 789353, segment_size = 241936, segment_number = 8
2022-11-15 19:16:59,686 - dash_buffer.py:206 - INFO - Writing segment 8 at time 1.7275660038
2022-11-15 19:16:59,687 - dash_buffer.py:256 - INFO - BufferStats: EpochTime=1.72784399986,CurrentPlaybackTime=1,CurrentBufferSize=7,CurrentPlaybackState=PLAY,Action=Writing,Bitrate=378355.0
2022-11-15 19:16:59,687 - dash_client.py:365 - INFO - Downloaded http://server/media/BigBuckBunny/4sec/bunny_378355bps/BigBuckBunny_4s7.m4s. Size = 241936 in 0.398123025894 seconds
2022-11-15 19:16:59,687 - dash_client.py:241 - INFO -  BASIC: Processing the segment 9
2022-11-15 19:16:59,688 - basic_dash2.py:59 - INFO - Basic Adaptation: Download Rate = 3976023.17791, next_bitrate = 509091.0
2022-11-15 19:16:59,688 - dash_client.py:264 - INFO - Basic-DASH: Selected 509091.0 for the segment 10
2022-11-15 19:16:59,689 - dash_client.py:320 - INFO - BASIC: Segment URL = http://server/media/BigBuckBunny/4sec/bunny_509091bps/BigBuckBunny_4s8.m4s
2022-11-15 19:17:00,161 - dash_client.py:335 - INFO - BASIC: Downloaded segment http://server/media/BigBuckBunny/4sec/bunny_509091bps/BigBuckBunny_4s8.m4s
2022-11-15 19:17:00,162 - dash_client.py:351 - INFO - BASIC : The total downloaded = 1078137, segment_size = 288784, segment_number = 9
2022-11-15 19:17:00,162 - dash_buffer.py:206 - INFO - Writing segment 9 at time 2.20299315453
2022-11-15 19:17:00,162 - dash_buffer.py:256 - INFO - BufferStats: EpochTime=2.20326805115,CurrentPlaybackTime=2,CurrentBufferSize=8,CurrentPlaybackState=PLAY,Action=Writing,Bitrate=509091.0
2022-11-15 19:17:00,162 - dash_client.py:365 - INFO - Downloaded http://server/media/BigBuckBunny/4sec/bunny_509091bps/BigBuckBunny_4s8.m4s. Size = 288784 in 0.472700119019 seconds
2022-11-15 19:17:00,163 - dash_client.py:241 - INFO -  BASIC: Processing the segment 10
2022-11-15 19:17:00,163 - basic_dash2.py:59 - INFO - Basic Adaptation: Download Rate = 4298865.7303, next_bitrate = 577751.0
2022-11-15 19:17:00,164 - dash_client.py:264 - INFO - Basic-DASH: Selected 577751.0 for the segment 11
2022-11-15 19:17:00,164 - dash_client.py:320 - INFO - BASIC: Segment URL = http://server/media/BigBuckBunny/4sec/bunny_577751bps/BigBuckBunny_4s9.m4s
2022-11-15 19:17:01,061 - dash_client.py:335 - INFO - BASIC: Downloaded segment http://server/media/BigBuckBunny/4sec/bunny_577751bps/BigBuckBunny_4s9.m4s
2022-11-15 19:17:01,061 - dash_client.py:351 - INFO - BASIC : The total downloaded = 1389567, segment_size = 311430, segment_number = 10
2022-11-15 19:17:01,061 - dash_buffer.py:206 - INFO - Writing segment 10 at time 3.10238599777
2022-11-15 19:17:01,062 - dash_buffer.py:256 - INFO - BufferStats: EpochTime=3.10265803337,CurrentPlaybackTime=3,CurrentBufferSize=9,CurrentPlaybackState=PLAY,Action=Writing,Bitrate=577751.0
2022-11-15 19:17:01,062 - dash_client.py:365 - INFO - Downloaded http://server/media/BigBuckBunny/4sec/bunny_577751bps/BigBuckBunny_4s9.m4s. Size = 311430 in 0.896584033966 seconds
2022-11-15 19:17:01,062 - dash_client.py:241 - INFO -  BASIC: Processing the segment 11
2022-11-15 19:17:01,063 - basic_dash2.py:59 - INFO - Basic Adaptation: Download Rate = 3773221.34934, next_bitrate = 782553.0
2022-11-15 19:17:01,063 - dash_client.py:264 - INFO - Basic-DASH: Selected 782553.0 for the segment 12
2022-11-15 19:17:01,063 - dash_client.py:320 - INFO - BASIC: Segment URL = http://server/media/BigBuckBunny/4sec/bunny_782553bps/BigBuckBunny_4s10.m4s
2022-11-15 19:17:01,965 - dash_buffer.py:162 - INFO - Reading the segment number 2 from the buffer at playtime 4
2022-11-15 19:17:01,965 - dash_buffer.py:256 - INFO - BufferStats: EpochTime=4.00610208511,CurrentPlaybackTime=4,CurrentBufferSize=8,CurrentPlaybackState=PLAY,Action=StillPlaying,Bitrate=88783.0
2022-11-15 19:17:02,128 - dash_client.py:335 - INFO - BASIC: Downloaded segment http://server/media/BigBuckBunny/4sec/bunny_782553bps/BigBuckBunny_4s10.m4s
2022-11-15 19:17:02,128 - dash_client.py:351 - INFO - BASIC : The total downloaded = 1814719, segment_size = 425152, segment_number = 11
2022-11-15 19:17:02,128 - dash_buffer.py:206 - INFO - Writing segment 11 at time 4.16952204704
2022-11-15 19:17:02,129 - dash_buffer.py:256 - INFO - BufferStats: EpochTime=4.16981601715,CurrentPlaybackTime=4,CurrentBufferSize=9,CurrentPlaybackState=PLAY,Action=Writing,Bitrate=782553.0
2022-11-15 19:17:02,129 - dash_client.py:365 - INFO - Downloaded http://server/media/BigBuckBunny/4sec/bunny_782553bps/BigBuckBunny_4s10.m4s. Size = 425152 in 1.06450891495 seconds
2022-11-15 19:17:02,129 - dash_client.py:241 - INFO -  BASIC: Processing the segment 12
2022-11-15 19:17:02,130 - basic_dash2.py:59 - INFO - Basic Adaptation: Download Rate = 3581367.07049, next_bitrate = 1008699.0
2022-11-15 19:17:02,130 - dash_client.py:264 - INFO - Basic-DASH: Selected 1008699.0 for the segment 13
2022-11-15 19:17:02,131 - dash_client.py:320 - INFO - BASIC: Segment URL = http://server/media/BigBuckBunny/4sec/bunny_1008699bps/BigBuckBunny_4s11.m4s
2022-11-15 19:17:03,664 - dash_client.py:335 - INFO - BASIC: Downloaded segment http://server/media/BigBuckBunny/4sec/bunny_1008699bps/BigBuckBunny_4s11.m4s
2022-11-15 19:17:03,664 - dash_client.py:351 - INFO - BASIC : The total downloaded = 2395182, segment_size = 580463, segment_number = 12
2022-11-15 19:17:03,665 - dash_buffer.py:206 - INFO - Writing segment 12 at time 5.7057621479
2022-11-15 19:17:03,665 - dash_buffer.py:256 - INFO - BufferStats: EpochTime=5.70604705811,CurrentPlaybackTime=5,CurrentBufferSize=10,CurrentPlaybackState=PLAY,Action=Writing,Bitrate=1008699.0
2022-11-15 19:17:03,665 - dash_client.py:365 - INFO - Downloaded http://server/media/BigBuckBunny/4sec/bunny_1008699bps/BigBuckBunny_4s11.m4s. Size = 580463 in 1.53341078758 seconds
2022-11-15 19:17:03,665 - dash_client.py:241 - INFO -  BASIC: Processing the segment 13
2022-11-15 19:17:03,666 - basic_dash2.py:59 - INFO - Basic Adaptation: Download Rate = 3386257.29563, next_bitrate = 1207152.0
2022-11-15 19:17:03,667 - dash_client.py:264 - INFO - Basic-DASH: Selected 1207152.0 for the segment 14
2022-11-15 19:17:03,667 - dash_client.py:320 - INFO - BASIC: Segment URL = http://server/media/BigBuckBunny/4sec/bunny_1207152bps/BigBuckBunny_4s12.m4s
2022-11-15 19:17:05,159 - dash_client.py:335 - INFO - BASIC: Downloaded segment http://server/media/BigBuckBunny/4sec/bunny_1207152bps/BigBuckBunny_4s12.m4s
2022-11-15 19:17:05,159 - dash_client.py:351 - INFO - BASIC : The total downloaded = 3128484, segment_size = 733302, segment_number = 13
2022-11-15 19:17:05,159 - dash_buffer.py:206 - INFO - Writing segment 13 at time 7.20038509369
2022-11-15 19:17:05,160 - dash_buffer.py:256 - INFO - BufferStats: EpochTime=7.20067095757,CurrentPlaybackTime=7,CurrentBufferSize=11,CurrentPlaybackState=PLAY,Action=Writing,Bitrate=1207152.0
2022-11-15 19:17:05,160 - dash_client.py:365 - INFO - Downloaded http://server/media/BigBuckBunny/4sec/bunny_1207152bps/BigBuckBunny_4s12.m4s. Size = 733302 in 1.49194693565 seconds
2022-11-15 19:17:05,160 - dash_client.py:241 - INFO -  BASIC: Processing the segment 14
2022-11-15 19:17:05,161 - basic_dash2.py:59 - INFO - Basic Adaptation: Download Rate = 3427831.30854, next_bitrate = 1473801.0
2022-11-15 19:17:05,161 - dash_client.py:264 - INFO - Basic-DASH: Selected 1473801.0 for the segment 15
2022-11-15 19:17:05,162 - dash_client.py:320 - INFO - BASIC: Segment URL = http://server/media/BigBuckBunny/4sec/bunny_1473801bps/BigBuckBunny_4s13.m4s
2022-11-15 19:17:05,162 - dash_client.py:323 - INFO - SLEEPING for 4seconds 
2022-11-15 19:17:05,965 - dash_buffer.py:162 - INFO - Reading the segment number 3 from the buffer at playtime 8
2022-11-15 19:17:05,965 - dash_buffer.py:256 - INFO - BufferStats: EpochTime=8.00603413582,CurrentPlaybackTime=8,CurrentBufferSize=10,CurrentPlaybackState=PLAY,Action=StillPlaying,Bitrate=128503.0
2022-11-15 19:17:09,965 - dash_buffer.py:162 - INFO - Reading the segment number 4 from the buffer at playtime 12
2022-11-15 19:17:09,965 - dash_buffer.py:256 - INFO - BufferStats: EpochTime=12.0060961246,CurrentPlaybackTime=12,CurrentBufferSize=9,CurrentPlaybackState=PLAY,Action=StillPlaying,Bitrate=177437.0
2022-11-15 19:17:12,252 - dash_client.py:335 - INFO - BASIC: Downloaded segment http://server/media/BigBuckBunny/4sec/bunny_1473801bps/BigBuckBunny_4s13.m4s
2022-11-15 19:17:12,253 - dash_client.py:351 - INFO - BASIC : The total downloaded = 4093732, segment_size = 965248, segment_number = 14
2022-11-15 19:17:12,253 - dash_buffer.py:206 - INFO - Writing segment 14 at time 14.2939901352
2022-11-15 19:17:12,253 - dash_buffer.py:256 - INFO - BufferStats: EpochTime=14.2942690849,CurrentPlaybackTime=14,CurrentBufferSize=10,CurrentPlaybackState=PLAY,Action=Writing,Bitrate=1473801.0
2022-11-15 19:17:12,254 - dash_client.py:365 - INFO - Downloaded http://server/media/BigBuckBunny/4sec/bunny_1473801bps/BigBuckBunny_4s13.m4s. Size = 965248 in 3.08638095856 seconds
2022-11-15 19:17:12,254 - dash_client.py:241 - INFO -  BASIC: Processing the segment 15
2022-11-15 19:17:12,255 - basic_dash2.py:59 - INFO - Basic Adaptation: Download Rate = 2988388.8459, next_bitrate = 2087347.0
2022-11-15 19:17:12,255 - dash_client.py:264 - INFO - Basic-DASH: Selected 2087347.0 for the segment 16
2022-11-15 19:17:12,255 - dash_client.py:320 - INFO - BASIC: Segment URL = http://server/media/BigBuckBunny/4sec/bunny_2087347bps/BigBuckBunny_4s14.m4s
2022-11-15 19:17:13,552 - dash_client.py:335 - INFO - BASIC: Downloaded segment http://server/media/BigBuckBunny/4sec/bunny_2087347bps/BigBuckBunny_4s14.m4s
2022-11-15 19:17:13,553 - dash_client.py:351 - INFO - BASIC : The total downloaded = 5358879, segment_size = 1265147, segment_number = 15
2022-11-15 19:17:13,553 - dash_buffer.py:206 - INFO - Writing segment 15 at time 15.594107151
2022-11-15 19:17:13,553 - dash_buffer.py:256 - INFO - BufferStats: EpochTime=15.5944011211,CurrentPlaybackTime=15,CurrentBufferSize=11,CurrentPlaybackState=PLAY,Action=Writing,Bitrate=2087347.0
2022-11-15 19:17:13,554 - dash_client.py:365 - INFO - Downloaded http://server/media/BigBuckBunny/4sec/bunny_2087347bps/BigBuckBunny_4s14.m4s. Size = 1265147 in 1.2971830368 seconds
2022-11-15 19:17:13,554 - dash_client.py:241 - INFO -  BASIC: Processing the segment 16
2022-11-15 19:17:13,555 - basic_dash2.py:59 - INFO - Basic Adaptation: Download Rate = 3747537.13971, next_bitrate = 2409742.0
2022-11-15 19:17:13,555 - dash_client.py:264 - INFO - Basic-DASH: Selected 2409742.0 for the segment 17
2022-11-15 19:17:13,555 - dash_client.py:320 - INFO - BASIC: Segment URL = http://server/media/BigBuckBunny/4sec/bunny_2409742bps/BigBuckBunny_4s15.m4s
2022-11-15 19:17:13,555 - dash_client.py:323 - INFO - SLEEPING for 4seconds 
2022-11-15 19:17:13,965 - dash_buffer.py:162 - INFO - Reading the segment number 5 from the buffer at playtime 16
2022-11-15 19:17:13,965 - dash_buffer.py:256 - INFO - BufferStats: EpochTime=16.0060341358,CurrentPlaybackTime=16,CurrentBufferSize=10,CurrentPlaybackState=PLAY,Action=StillPlaying,Bitrate=217761.0
2022-11-15 19:17:17,965 - dash_buffer.py:162 - INFO - Reading the segment number 6 from the buffer at playtime 20
2022-11-15 19:17:17,965 - dash_buffer.py:256 - INFO - BufferStats: EpochTime=20.0060920715,CurrentPlaybackTime=20,CurrentBufferSize=9,CurrentPlaybackState=PLAY,Action=StillPlaying,Bitrate=255865.0
2022-11-15 19:17:20,964 - dash_client.py:335 - INFO - BASIC: Downloaded segment http://server/media/BigBuckBunny/4sec/bunny_2409742bps/BigBuckBunny_4s15.m4s
2022-11-15 19:17:20,964 - dash_client.py:351 - INFO - BASIC : The total downloaded = 5994502, segment_size = 635623, segment_number = 16
2022-11-15 19:17:20,965 - dash_buffer.py:206 - INFO - Writing segment 16 at time 23.0059080124
2022-11-15 19:17:20,965 - dash_buffer.py:256 - INFO - BufferStats: EpochTime=23.0062661171,CurrentPlaybackTime=23,CurrentBufferSize=10,CurrentPlaybackState=PLAY,Action=Writing,Bitrate=2409742.0
2022-11-15 19:17:20,966 - dash_client.py:365 - INFO - Downloaded http://server/media/BigBuckBunny/4sec/bunny_2409742bps/BigBuckBunny_4s15.m4s. Size = 635623 in 3.40525889397 seconds
2022-11-15 19:17:20,966 - dash_client.py:241 - INFO -  BASIC: Processing the segment 17
2022-11-15 19:17:20,967 - basic_dash2.py:59 - INFO - Basic Adaptation: Download Rate = 3092075.59944, next_bitrate = 2944291.0
2022-11-15 19:17:20,967 - dash_client.py:264 - INFO - Basic-DASH: Selected 2944291.0 for the segment 18
2022-11-15 19:17:20,967 - dash_client.py:320 - INFO - BASIC: Segment URL = http://server/media/BigBuckBunny/4sec/bunny_2944291bps/BigBuckBunny_4s16.m4s
2022-11-15 19:17:21,965 - dash_buffer.py:162 - INFO - Reading the segment number 7 from the buffer at playtime 24
2022-11-15 19:17:21,965 - dash_buffer.py:256 - INFO - BufferStats: EpochTime=24.0060710907,CurrentPlaybackTime=24,CurrentBufferSize=9,CurrentPlaybackState=PLAY,Action=StillPlaying,Bitrate=323047.0
2022-11-15 19:17:25,435 - dash_client.py:335 - INFO - BASIC: Downloaded segment http://server/media/BigBuckBunny/4sec/bunny_2944291bps/BigBuckBunny_4s16.m4s
2022-11-15 19:17:25,436 - dash_client.py:351 - INFO - BASIC : The total downloaded = 7111758, segment_size = 1117256, segment_number = 17
2022-11-15 19:17:25,436 - dash_buffer.py:206 - INFO - Writing segment 17 at time 27.4770359993
2022-11-15 19:17:25,436 - dash_buffer.py:256 - INFO - BufferStats: EpochTime=27.4773261547,CurrentPlaybackTime=27,CurrentBufferSize=10,CurrentPlaybackState=PLAY,Action=Writing,Bitrate=2944291.0
2022-11-15 19:17:25,437 - dash_client.py:365 - INFO - Downloaded http://server/media/BigBuckBunny/4sec/bunny_2944291bps/BigBuckBunny_4s16.m4s. Size = 1117256 in 4.46823596954 seconds
2022-11-15 19:17:25,437 - dash_client.py:241 - INFO -  BASIC: Processing the segment 18
2022-11-15 19:17:25,438 - basic_dash2.py:59 - INFO - Basic Adaptation: Download Rate = 2744388.10805, next_bitrate = 2087347.0
2022-11-15 19:17:25,438 - dash_client.py:264 - INFO - Basic-DASH: Selected 2087347.0 for the segment 19
2022-11-15 19:17:25,438 - dash_client.py:320 - INFO - BASIC: Segment URL = http://server/media/BigBuckBunny/4sec/bunny_2087347bps/BigBuckBunny_4s17.m4s
2022-11-15 19:17:25,965 - dash_buffer.py:162 - INFO - Reading the segment number 8 from the buffer at playtime 28
2022-11-15 19:17:25,965 - dash_buffer.py:256 - INFO - BufferStats: EpochTime=28.0060400963,CurrentPlaybackTime=28,CurrentBufferSize=9,CurrentPlaybackState=PLAY,Action=StillPlaying,Bitrate=378355.0
2022-11-15 19:17:29,491 - dash_client.py:335 - INFO - BASIC: Downloaded segment http://server/media/BigBuckBunny/4sec/bunny_2087347bps/BigBuckBunny_4s17.m4s
2022-11-15 19:17:29,491 - dash_client.py:351 - INFO - BASIC : The total downloaded = 8297030, segment_size = 1185272, segment_number = 18
2022-11-15 19:17:29,492 - dash_buffer.py:206 - INFO - Writing segment 18 at time 31.5328390598
2022-11-15 19:17:29,492 - dash_buffer.py:256 - INFO - BufferStats: EpochTime=31.5331349373,CurrentPlaybackTime=31,CurrentBufferSize=10,CurrentPlaybackState=PLAY,Action=Writing,Bitrate=2087347.0
2022-11-15 19:17:29,492 - dash_client.py:365 - INFO - Downloaded http://server/media/BigBuckBunny/4sec/bunny_2087347bps/BigBuckBunny_4s17.m4s. Size = 1185272 in 4.05294799805 seconds
2022-11-15 19:17:29,493 - dash_client.py:241 - INFO -  BASIC: Processing the segment 19
2022-11-15 19:17:29,494 - basic_dash2.py:59 - INFO - Basic Adaptation: Download Rate = 2535153.318, next_bitrate = 2409742.0
2022-11-15 19:17:29,494 - dash_client.py:264 - INFO - Basic-DASH: Selected 2409742.0 for the segment 20
2022-11-15 19:17:29,494 - dash_client.py:320 - INFO - BASIC: Segment URL = http://server/media/BigBuckBunny/4sec/bunny_2409742bps/BigBuckBunny_4s18.m4s
2022-11-15 19:17:29,965 - dash_buffer.py:162 - INFO - Reading the segment number 9 from the buffer at playtime 32
2022-11-15 19:17:29,965 - dash_buffer.py:256 - INFO - BufferStats: EpochTime=32.0060350895,CurrentPlaybackTime=32,CurrentBufferSize=9,CurrentPlaybackState=PLAY,Action=StillPlaying,Bitrate=509091.0
2022-11-15 19:17:31,926 - dash_client.py:335 - INFO - BASIC: Downloaded segment http://server/media/BigBuckBunny/4sec/bunny_2409742bps/BigBuckBunny_4s18.m4s
2022-11-15 19:17:31,926 - dash_client.py:351 - INFO - BASIC : The total downloaded = 9366201, segment_size = 1069171, segment_number = 19
2022-11-15 19:17:31,927 - dash_buffer.py:206 - INFO - Writing segment 19 at time 33.9678421021
2022-11-15 19:17:31,927 - dash_buffer.py:256 - INFO - BufferStats: EpochTime=33.9681270123,CurrentPlaybackTime=33,CurrentBufferSize=10,CurrentPlaybackState=PLAY,Action=Writing,Bitrate=2409742.0
2022-11-15 19:17:31,927 - dash_client.py:365 - INFO - Downloaded http://server/media/BigBuckBunny/4sec/bunny_2409742bps/BigBuckBunny_4s18.m4s. Size = 1069171 in 2.43199586868 seconds
2022-11-15 19:17:31,928 - dash_client.py:241 - INFO -  BASIC: Processing the segment 20
2022-11-15 19:17:31,928 - basic_dash2.py:59 - INFO - Basic Adaptation: Download Rate = 2694224.00641, next_bitrate = 2087347.0
2022-11-15 19:17:31,929 - dash_client.py:264 - INFO - Basic-DASH: Selected 2087347.0 for the segment 21
2022-11-15 19:17:31,929 - dash_client.py:320 - INFO - BASIC: Segment URL = http://server/media/BigBuckBunny/4sec/bunny_2087347bps/BigBuckBunny_4s19.m4s
2022-11-15 19:17:33,965 - dash_buffer.py:162 - INFO - Reading the segment number 10 from the buffer at playtime 36
2022-11-15 19:17:33,965 - dash_buffer.py:256 - INFO - BufferStats: EpochTime=36.0061271191,CurrentPlaybackTime=36,CurrentBufferSize=9,CurrentPlaybackState=PLAY,Action=StillPlaying,Bitrate=577751.0
2022-11-15 19:17:34,590 - dash_client.py:335 - INFO - BASIC: Downloaded segment http://server/media/BigBuckBunny/4sec/bunny_2087347bps/BigBuckBunny_4s19.m4s
2022-11-15 19:17:34,591 - dash_client.py:351 - INFO - BASIC : The total downloaded = 10404161, segment_size = 1037960, segment_number = 20
2022-11-15 19:17:34,591 - dash_buffer.py:206 - INFO - Writing segment 20 at time 36.6322710514
2022-11-15 19:17:34,591 - dash_buffer.py:256 - INFO - BufferStats: EpochTime=36.6325371265,CurrentPlaybackTime=36,CurrentBufferSize=10,CurrentPlaybackState=PLAY,Action=Writing,Bitrate=2087347.0
2022-11-15 19:17:34,592 - dash_client.py:365 - INFO - Downloaded http://server/media/BigBuckBunny/4sec/bunny_2087347bps/BigBuckBunny_4s19.m4s. Size = 1037960 in 2.66145992279 seconds
2022-11-15 19:17:34,592 - dash_client.py:241 - INFO -  BASIC: Processing the segment 21
2022-11-15 19:17:34,593 - basic_dash2.py:59 - INFO - Basic Adaptation: Download Rate = 2371474.52067, next_bitrate = 1473801.0
2022-11-15 19:17:34,593 - dash_client.py:264 - INFO - Basic-DASH: Selected 1473801.0 for the segment 22
2022-11-15 19:17:34,593 - dash_client.py:320 - INFO - BASIC: Segment URL = http://server/media/BigBuckBunny/4sec/bunny_1473801bps/BigBuckBunny_4s20.m4s
2022-11-15 19:17:37,959 - dash_client.py:335 - INFO - BASIC: Downloaded segment http://server/media/BigBuckBunny/4sec/bunny_1473801bps/BigBuckBunny_4s20.m4s
2022-11-15 19:17:37,959 - dash_client.py:351 - INFO - BASIC : The total downloaded = 11427082, segment_size = 1022921, segment_number = 21
2022-11-15 19:17:37,959 - dash_buffer.py:206 - INFO - Writing segment 21 at time 40.0003709793
2022-11-15 19:17:37,960 - dash_buffer.py:256 - INFO - BufferStats: EpochTime=40.0006570816,CurrentPlaybackTime=39,CurrentBufferSize=11,CurrentPlaybackState=PLAY,Action=Writing,Bitrate=1473801.0
2022-11-15 19:17:37,960 - dash_client.py:365 - INFO - Downloaded http://server/media/BigBuckBunny/4sec/bunny_1473801bps/BigBuckBunny_4s20.m4s. Size = 1022921 in 3.36530995369 seconds
2022-11-15 19:17:37,960 - dash_client.py:241 - INFO -  BASIC: Processing the segment 22
2022-11-15 19:17:37,961 - basic_dash2.py:59 - INFO - Basic Adaptation: Download Rate = 2559527.01482, next_bitrate = 2087347.0
2022-11-15 19:17:37,961 - dash_client.py:264 - INFO - Basic-DASH: Selected 2087347.0 for the segment 23
2022-11-15 19:17:37,961 - dash_client.py:320 - INFO - BASIC: Segment URL = http://server/media/BigBuckBunny/4sec/bunny_2087347bps/BigBuckBunny_4s21.m4s
2022-11-15 19:17:37,962 - dash_client.py:323 - INFO - SLEEPING for 4seconds 
2022-11-15 19:17:37,965 - dash_buffer.py:162 - INFO - Reading the segment number 11 from the buffer at playtime 40
2022-11-15 19:17:37,965 - dash_buffer.py:256 - INFO - BufferStats: EpochTime=40.0060210228,CurrentPlaybackTime=40,CurrentBufferSize=10,CurrentPlaybackState=PLAY,Action=StillPlaying,Bitrate=782553.0
