2022-11-15 19:08:16,918 - dash_client.py:506 - INFO - Downloading MPD file http://server/media/BigBuckBunny/4sec/BigBuckBunny_4s.mpd
2022-11-15 19:08:17,346 - dash_client.py:92 - INFO - Downloaded the MPD file BigBuckBunny_4s.mpd
2022-11-15 19:08:17,347 - read_mpd.py:121 - INFO - Reading the MPD file
2022-11-15 19:08:17,355 - read_mpd.py:157 - INFO - Found Video
2022-11-15 19:08:17,355 - read_mpd.py:159 - INFO - Retrieving Media
2022-11-15 19:08:17,361 - dash_client.py:515 - INFO - The DASH media has 20 video representations
2022-11-15 19:08:17,362 - dash_client.py:525 - CRITICAL - Started Basic-DASH Playback
2022-11-15 19:08:17,362 - dash_buffer.py:19 - INFO - Initializing the Buffer
2022-11-15 19:08:17,362 - dash_buffer.py:54 - INFO - VideoLength=596.46,segmentDuration=4,MaxBufferSize=596.46,InitialBuffer(secs)=1,BufferAlph(secs)=5,BufferBeta(secs)=10
2022-11-15 19:08:17,363 - dash_buffer.py:62 - INFO - Changing state from INITIALIZED to INITIAL_BUFFERING at 0 Playback time 
2022-11-15 19:08:17,363 - dash_buffer.py:256 - INFO - BufferStats: EpochTime=0,CurrentPlaybackTime=0,CurrentBufferSize=0,CurrentPlaybackState=INITIAL_BUFFERING,Action=Starting,Bitrate=0
2022-11-15 19:08:17,364 - dash_buffer.py:221 - INFO - Starting the Player
2022-11-15 19:08:17,364 - dash_buffer.py:256 - INFO - BufferStats: EpochTime=0,CurrentPlaybackTime=0,CurrentBufferSize=0,CurrentPlaybackState=INITIAL_BUFFERING,Action=Starting,Bitrate=0
2022-11-15 19:08:17,364 - dash_client.py:202 - INFO - The segments are stored in TEMP_BSH9tW
2022-11-15 19:08:17,367 - dash_client.py:241 - INFO -  BASIC: Processing the segment 1
2022-11-15 19:08:17,368 - dash_buffer.py:75 - INFO - Initialized player with video length 596.46
2022-11-15 19:08:17,369 - dash_client.py:320 - INFO - BASIC: Segment URL = http://server/media/BigBuckBunny/4sec/bunny_45226bps/BigBuckBunny_4s_init.mp4
2022-11-15 19:08:17,374 - dash_client.py:335 - INFO - BASIC: Downloaded segment http://server/media/BigBuckBunny/4sec/bunny_45226bps/BigBuckBunny_4s_init.mp4
2022-11-15 19:08:17,374 - dash_client.py:351 - INFO - BASIC : The total downloaded = 877, segment_size = 877, segment_number = 1
2022-11-15 19:08:17,375 - dash_buffer.py:206 - INFO - Writing segment 1 at time 4.05311584473e-06
2022-11-15 19:08:17,375 - dash_buffer.py:256 - INFO - BufferStats: EpochTime=0.000319004058838,CurrentPlaybackTime=0,CurrentBufferSize=1,CurrentPlaybackState=INITIAL_BUFFERING,Action=Writing,Bitrate=45226
2022-11-15 19:08:17,375 - dash_client.py:365 - INFO - Downloaded http://server/media/BigBuckBunny/4sec/bunny_45226bps/BigBuckBunny_4s_init.mp4. Size = 877 in 0.00191783905029 seconds
2022-11-15 19:08:17,376 - dash_client.py:241 - INFO -  BASIC: Processing the segment 2
2022-11-15 19:08:17,377 - basic_dash2.py:59 - INFO - Basic Adaptation: Download Rate = 3658284.04575, next_bitrate = 88783.0
2022-11-15 19:08:17,377 - dash_client.py:264 - INFO - Basic-DASH: Selected 88783.0 for the segment 3
2022-11-15 19:08:17,377 - dash_client.py:320 - INFO - BASIC: Segment URL = http://server/media/BigBuckBunny/4sec/bunny_88783bps/BigBuckBunny_4s1.m4s
2022-11-15 19:08:17,378 - dash_buffer.py:138 - INFO - Initial Waiting Time = 0.00552487373352
2022-11-15 19:08:17,378 - dash_buffer.py:62 - INFO - Changing state from INITIAL_BUFFERING to PLAY at 0 Playback time 
2022-11-15 19:08:17,379 - dash_buffer.py:256 - INFO - BufferStats: EpochTime=0.00395703315735,CurrentPlaybackTime=0,CurrentBufferSize=1,CurrentPlaybackState=PLAY,Action=InitialBuffering-Play,Bitrate=0
2022-11-15 19:08:17,379 - dash_buffer.py:162 - INFO - Reading the segment number 1 from the buffer at playtime 0
2022-11-15 19:08:17,380 - dash_buffer.py:256 - INFO - BufferStats: EpochTime=0.00499796867371,CurrentPlaybackTime=0,CurrentBufferSize=0,CurrentPlaybackState=PLAY,Action=StillPlaying,Bitrate=45226
2022-11-15 19:08:17,380 - dash_buffer.py:175 - INFO - Started playing with representation 45226 at 0
2022-11-15 19:08:17,426 - dash_client.py:335 - INFO - BASIC: Downloaded segment http://server/media/BigBuckBunny/4sec/bunny_88783bps/BigBuckBunny_4s1.m4s
2022-11-15 19:08:17,427 - dash_client.py:351 - INFO - BASIC : The total downloaded = 43939, segment_size = 43062, segment_number = 2
2022-11-15 19:08:17,427 - dash_buffer.py:206 - INFO - Writing segment 2 at time 0.0525150299072
2022-11-15 19:08:17,428 - dash_buffer.py:256 - INFO - BufferStats: EpochTime=0.0528440475464,CurrentPlaybackTime=0,CurrentBufferSize=1,CurrentPlaybackState=PLAY,Action=Writing,Bitrate=88783.0
2022-11-15 19:08:17,428 - dash_client.py:365 - INFO - Downloaded http://server/media/BigBuckBunny/4sec/bunny_88783bps/BigBuckBunny_4s1.m4s. Size = 43062 in 0.0492560863495 seconds
2022-11-15 19:08:17,428 - dash_client.py:241 - INFO -  BASIC: Processing the segment 3
2022-11-15 19:08:17,429 - basic_dash2.py:59 - INFO - Basic Adaptation: Download Rate = 6868966.90559, next_bitrate = 128503.0
2022-11-15 19:08:17,429 - dash_client.py:264 - INFO - Basic-DASH: Selected 128503.0 for the segment 4
2022-11-15 19:08:17,430 - dash_client.py:320 - INFO - BASIC: Segment URL = http://server/media/BigBuckBunny/4sec/bunny_128503bps/BigBuckBunny_4s2.m4s
2022-11-15 19:08:17,518 - dash_client.py:335 - INFO - BASIC: Downloaded segment http://server/media/BigBuckBunny/4sec/bunny_128503bps/BigBuckBunny_4s2.m4s
2022-11-15 19:08:17,519 - dash_client.py:351 - INFO - BASIC : The total downloaded = 113101, segment_size = 69162, segment_number = 3
2022-11-15 19:08:17,519 - dash_buffer.py:206 - INFO - Writing segment 3 at time 0.144232988358
2022-11-15 19:08:17,519 - dash_buffer.py:256 - INFO - BufferStats: EpochTime=0.144541978836,CurrentPlaybackTime=0,CurrentBufferSize=2,CurrentPlaybackState=PLAY,Action=Writing,Bitrate=128503.0
2022-11-15 19:08:17,520 - dash_client.py:365 - INFO - Downloaded http://server/media/BigBuckBunny/4sec/bunny_128503bps/BigBuckBunny_4s2.m4s. Size = 69162 in 0.0887100696564 seconds
2022-11-15 19:08:17,520 - dash_client.py:241 - INFO -  BASIC: Processing the segment 4
2022-11-15 19:08:17,521 - basic_dash2.py:59 - INFO - Basic Adaptation: Download Rate = 6468273.94111, next_bitrate = 177437.0
2022-11-15 19:08:17,521 - dash_client.py:264 - INFO - Basic-DASH: Selected 177437.0 for the segment 5
2022-11-15 19:08:17,521 - dash_client.py:320 - INFO - BASIC: Segment URL = http://server/media/BigBuckBunny/4sec/bunny_177437bps/BigBuckBunny_4s3.m4s
2022-11-15 19:08:17,646 - dash_client.py:335 - INFO - BASIC: Downloaded segment http://server/media/BigBuckBunny/4sec/bunny_177437bps/BigBuckBunny_4s3.m4s
2022-11-15 19:08:17,646 - dash_client.py:351 - INFO - BASIC : The total downloaded = 212355, segment_size = 99254, segment_number = 4
2022-11-15 19:08:17,646 - dash_buffer.py:206 - INFO - Writing segment 4 at time 0.271807909012
2022-11-15 19:08:17,647 - dash_buffer.py:256 - INFO - BufferStats: EpochTime=0.272077083588,CurrentPlaybackTime=0,CurrentBufferSize=3,CurrentPlaybackState=PLAY,Action=Writing,Bitrate=177437.0
2022-11-15 19:08:17,647 - dash_client.py:365 - INFO - Downloaded http://server/media/BigBuckBunny/4sec/bunny_177437bps/BigBuckBunny_4s3.m4s. Size = 99254 in 0.124346971512 seconds
2022-11-15 19:08:17,647 - dash_client.py:241 - INFO -  BASIC: Processing the segment 5
2022-11-15 19:08:17,648 - basic_dash2.py:59 - INFO - Basic Adaptation: Download Rate = 6429375.11097, next_bitrate = 217761.0
2022-11-15 19:08:17,649 - dash_client.py:264 - INFO - Basic-DASH: Selected 217761.0 for the segment 6
2022-11-15 19:08:17,649 - dash_client.py:320 - INFO - BASIC: Segment URL = http://server/media/BigBuckBunny/4sec/bunny_217761bps/BigBuckBunny_4s4.m4s
2022-11-15 19:08:17,799 - dash_client.py:335 - INFO - BASIC: Downloaded segment http://server/media/BigBuckBunny/4sec/bunny_217761bps/BigBuckBunny_4s4.m4s
2022-11-15 19:08:17,799 - dash_client.py:351 - INFO - BASIC : The total downloaded = 330993, segment_size = 118638, segment_number = 5
2022-11-15 19:08:17,800 - dash_buffer.py:206 - INFO - Writing segment 5 at time 0.424915075302
2022-11-15 19:08:17,800 - dash_buffer.py:256 - INFO - BufferStats: EpochTime=0.425220966339,CurrentPlaybackTime=0,CurrentBufferSize=4,CurrentPlaybackState=PLAY,Action=Writing,Bitrate=217761.0
2022-11-15 19:08:17,800 - dash_client.py:365 - INFO - Downloaded http://server/media/BigBuckBunny/4sec/bunny_217761bps/BigBuckBunny_4s4.m4s. Size = 118638 in 0.150002002716 seconds
2022-11-15 19:08:17,801 - dash_client.py:241 - INFO -  BASIC: Processing the segment 6
2022-11-15 19:08:17,801 - basic_dash2.py:59 - INFO - Basic Adaptation: Download Rate = 6392402.81761, next_bitrate = 255865.0
2022-11-15 19:08:17,802 - dash_client.py:264 - INFO - Basic-DASH: Selected 255865.0 for the segment 7
2022-11-15 19:08:17,802 - dash_client.py:320 - INFO - BASIC: Segment URL = http://server/media/BigBuckBunny/4sec/bunny_255865bps/BigBuckBunny_4s5.m4s
2022-11-15 19:08:17,941 - dash_client.py:335 - INFO - BASIC: Downloaded segment http://server/media/BigBuckBunny/4sec/bunny_255865bps/BigBuckBunny_4s5.m4s
2022-11-15 19:08:17,941 - dash_client.py:351 - INFO - BASIC : The total downloaded = 441929, segment_size = 110936, segment_number = 6
2022-11-15 19:08:17,942 - dash_buffer.py:206 - INFO - Writing segment 6 at time 0.566935062408
2022-11-15 19:08:17,942 - dash_buffer.py:256 - INFO - BufferStats: EpochTime=0.567233085632,CurrentPlaybackTime=0,CurrentBufferSize=5,CurrentPlaybackState=PLAY,Action=Writing,Bitrate=255865.0
2022-11-15 19:08:17,942 - dash_client.py:365 - INFO - Downloaded http://server/media/BigBuckBunny/4sec/bunny_255865bps/BigBuckBunny_4s5.m4s. Size = 110936 in 0.139003038406 seconds
2022-11-15 19:08:17,943 - dash_client.py:241 - INFO -  BASIC: Processing the segment 7
2022-11-15 19:08:17,943 - basic_dash2.py:59 - INFO - Basic Adaptation: Download Rate = 6399963.21671, next_bitrate = 323047.0
2022-11-15 19:08:17,944 - dash_client.py:264 - INFO - Basic-DASH: Selected 323047.0 for the segment 8
2022-11-15 19:08:17,944 - dash_client.py:320 - INFO - BASIC: Segment URL = http://server/media/BigBuckBunny/4sec/bunny_323047bps/BigBuckBunny_4s6.m4s
2022-11-15 19:08:18,074 - dash_client.py:335 - INFO - BASIC: Downloaded segment http://server/media/BigBuckBunny/4sec/bunny_323047bps/BigBuckBunny_4s6.m4s
2022-11-15 19:08:18,074 - dash_client.py:351 - INFO - BASIC : The total downloaded = 547417, segment_size = 105488, segment_number = 7
2022-11-15 19:08:18,075 - dash_buffer.py:206 - INFO - Writing segment 7 at time 0.699903964996
2022-11-15 19:08:18,075 - dash_buffer.py:256 - INFO - BufferStats: EpochTime=0.700217008591,CurrentPlaybackTime=0,CurrentBufferSize=6,CurrentPlaybackState=PLAY,Action=Writing,Bitrate=323047.0
2022-11-15 19:08:18,075 - dash_client.py:365 - INFO - Downloaded http://server/media/BigBuckBunny/4sec/bunny_323047bps/BigBuckBunny_4s6.m4s. Size = 105488 in 0.129870891571 seconds
2022-11-15 19:08:18,076 - dash_client.py:241 - INFO -  BASIC: Processing the segment 8
2022-11-15 19:08:18,076 - basic_dash2.py:59 - INFO - Basic Adaptation: Download Rate = 6373815.20921, next_bitrate = 378355.0
2022-11-15 19:08:18,077 - dash_client.py:264 - INFO - Basic-DASH: Selected 378355.0 for the segment 9
2022-11-15 19:08:18,077 - dash_client.py:320 - INFO - BASIC: Segment URL = http://server/media/BigBuckBunny/4sec/bunny_378355bps/BigBuckBunny_4s7.m4s
2022-11-15 19:08:18,428 - dash_client.py:335 - INFO - BASIC: Downloaded segment http://server/media/BigBuckBunny/4sec/bunny_378355bps/BigBuckBunny_4s7.m4s
2022-11-15 19:08:18,428 - dash_client.py:351 - INFO - BASIC : The total downloaded = 789353, segment_size = 241936, segment_number = 8
2022-11-15 19:08:18,429 - dash_buffer.py:206 - INFO - Writing segment 8 at time 1.05407786369
2022-11-15 19:08:18,429 - dash_buffer.py:256 - INFO - BufferStats: EpochTime=1.05437898636,CurrentPlaybackTime=1,CurrentBufferSize=7,CurrentPlaybackState=PLAY,Action=Writing,Bitrate=378355.0
2022-11-15 19:08:18,429 - dash_client.py:365 - INFO - Downloaded http://server/media/BigBuckBunny/4sec/bunny_378355bps/BigBuckBunny_4s7.m4s. Size = 241936 in 0.351102113724 seconds
2022-11-15 19:08:18,430 - dash_client.py:241 - INFO -  BASIC: Processing the segment 9
2022-11-15 19:08:18,431 - basic_dash2.py:59 - INFO - Basic Adaptation: Download Rate = 6049272.79405, next_bitrate = 509091.0
2022-11-15 19:08:18,431 - dash_client.py:264 - INFO - Basic-DASH: Selected 509091.0 for the segment 10
2022-11-15 19:08:18,431 - dash_client.py:320 - INFO - BASIC: Segment URL = http://server/media/BigBuckBunny/4sec/bunny_509091bps/BigBuckBunny_4s8.m4s
2022-11-15 19:08:18,897 - dash_client.py:335 - INFO - BASIC: Downloaded segment http://server/media/BigBuckBunny/4sec/bunny_509091bps/BigBuckBunny_4s8.m4s
2022-11-15 19:08:18,897 - dash_client.py:351 - INFO - BASIC : The total downloaded = 1078137, segment_size = 288784, segment_number = 9
2022-11-15 19:08:18,898 - dash_buffer.py:206 - INFO - Writing segment 9 at time 1.52294993401
2022-11-15 19:08:18,898 - dash_buffer.py:256 - INFO - BufferStats: EpochTime=1.52321410179,CurrentPlaybackTime=1,CurrentBufferSize=8,CurrentPlaybackState=PLAY,Action=Writing,Bitrate=509091.0
2022-11-15 19:08:18,898 - dash_client.py:365 - INFO - Downloaded http://server/media/BigBuckBunny/4sec/bunny_509091bps/BigBuckBunny_4s8.m4s. Size = 288784 in 0.465859889984 seconds
2022-11-15 19:08:18,898 - dash_client.py:241 - INFO -  BASIC: Processing the segment 10
2022-11-15 19:08:18,899 - basic_dash2.py:59 - INFO - Basic Adaptation: Download Rate = 5604501.8493, next_bitrate = 577751.0
2022-11-15 19:08:18,899 - dash_client.py:264 - INFO - Basic-DASH: Selected 577751.0 for the segment 11
2022-11-15 19:08:18,900 - dash_client.py:320 - INFO - BASIC: Segment URL = http://server/media/BigBuckBunny/4sec/bunny_577751bps/BigBuckBunny_4s9.m4s
2022-11-15 19:08:19,400 - dash_client.py:335 - INFO - BASIC: Downloaded segment http://server/media/BigBuckBunny/4sec/bunny_577751bps/BigBuckBunny_4s9.m4s
2022-11-15 19:08:19,400 - dash_client.py:351 - INFO - BASIC : The total downloaded = 1389567, segment_size = 311430, segment_number = 10
2022-11-15 19:08:19,400 - dash_buffer.py:206 - INFO - Writing segment 10 at time 2.02565693855
2022-11-15 19:08:19,401 - dash_buffer.py:256 - INFO - BufferStats: EpochTime=2.02591991425,CurrentPlaybackTime=2,CurrentBufferSize=9,CurrentPlaybackState=PLAY,Action=Writing,Bitrate=577751.0
2022-11-15 19:08:19,401 - dash_client.py:365 - INFO - Downloaded http://server/media/BigBuckBunny/4sec/bunny_577751bps/BigBuckBunny_4s9.m4s. Size = 311430 in 0.499843120575 seconds
2022-11-15 19:08:19,401 - dash_client.py:241 - INFO -  BASIC: Processing the segment 11
2022-11-15 19:08:19,402 - basic_dash2.py:59 - INFO - Basic Adaptation: Download Rate = 5340672.17275, next_bitrate = 782553.0
2022-11-15 19:08:19,402 - dash_client.py:264 - INFO - Basic-DASH: Selected 782553.0 for the segment 12
2022-11-15 19:08:19,402 - dash_client.py:320 - INFO - BASIC: Segment URL = http://server/media/BigBuckBunny/4sec/bunny_782553bps/BigBuckBunny_4s10.m4s
2022-11-15 19:08:20,059 - dash_client.py:335 - INFO - BASIC: Downloaded segment http://server/media/BigBuckBunny/4sec/bunny_782553bps/BigBuckBunny_4s10.m4s
2022-11-15 19:08:20,059 - dash_client.py:351 - INFO - BASIC : The total downloaded = 1814719, segment_size = 425152, segment_number = 11
2022-11-15 19:08:20,060 - dash_buffer.py:206 - INFO - Writing segment 11 at time 2.68488192558
2022-11-15 19:08:20,060 - dash_buffer.py:256 - INFO - BufferStats: EpochTime=2.68518710136,CurrentPlaybackTime=2,CurrentBufferSize=10,CurrentPlaybackState=PLAY,Action=Writing,Bitrate=782553.0
2022-11-15 19:08:20,060 - dash_client.py:365 - INFO - Downloaded http://server/media/BigBuckBunny/4sec/bunny_782553bps/BigBuckBunny_4s10.m4s. Size = 425152 in 0.656500101089 seconds
2022-11-15 19:08:20,061 - dash_client.py:241 - INFO -  BASIC: Processing the segment 12
2022-11-15 19:08:20,061 - basic_dash2.py:59 - INFO - Basic Adaptation: Download Rate = 5221778.58123, next_bitrate = 1008699.0
2022-11-15 19:08:20,062 - dash_client.py:264 - INFO - Basic-DASH: Selected 1008699.0 for the segment 13
2022-11-15 19:08:20,062 - dash_client.py:320 - INFO - BASIC: Segment URL = http://server/media/BigBuckBunny/4sec/bunny_1008699bps/BigBuckBunny_4s11.m4s
2022-11-15 19:08:20,946 - dash_client.py:335 - INFO - BASIC: Downloaded segment http://server/media/BigBuckBunny/4sec/bunny_1008699bps/BigBuckBunny_4s11.m4s
2022-11-15 19:08:20,946 - dash_client.py:351 - INFO - BASIC : The total downloaded = 2395182, segment_size = 580463, segment_number = 12
2022-11-15 19:08:20,947 - dash_buffer.py:206 - INFO - Writing segment 12 at time 3.57212805748
2022-11-15 19:08:20,947 - dash_buffer.py:256 - INFO - BufferStats: EpochTime=3.57247304916,CurrentPlaybackTime=3,CurrentBufferSize=11,CurrentPlaybackState=PLAY,Action=Writing,Bitrate=1008699.0
2022-11-15 19:08:20,948 - dash_client.py:365 - INFO - Downloaded http://server/media/BigBuckBunny/4sec/bunny_1008699bps/BigBuckBunny_4s11.m4s. Size = 580463 in 0.884230852127 seconds
2022-11-15 19:08:20,948 - dash_client.py:241 - INFO -  BASIC: Processing the segment 13
2022-11-15 19:08:20,949 - basic_dash2.py:59 - INFO - Basic Adaptation: Download Rate = 5173030.05075, next_bitrate = 1207152.0
2022-11-15 19:08:20,949 - dash_client.py:264 - INFO - Basic-DASH: Selected 1207152.0 for the segment 14
2022-11-15 19:08:20,949 - dash_client.py:320 - INFO - BASIC: Segment URL = http://server/media/BigBuckBunny/4sec/bunny_1207152bps/BigBuckBunny_4s12.m4s
2022-11-15 19:08:20,949 - dash_client.py:323 - INFO - SLEEPING for 4seconds 
2022-11-15 19:08:21,380 - dash_buffer.py:162 - INFO - Reading the segment number 2 from the buffer at playtime 4
2022-11-15 19:08:21,380 - dash_buffer.py:256 - INFO - BufferStats: EpochTime=4.00569796562,CurrentPlaybackTime=4,CurrentBufferSize=10,CurrentPlaybackState=PLAY,Action=StillPlaying,Bitrate=88783.0
2022-11-15 19:08:25,380 - dash_buffer.py:162 - INFO - Reading the segment number 3 from the buffer at playtime 8
2022-11-15 19:08:25,380 - dash_buffer.py:256 - INFO - BufferStats: EpochTime=8.00576806068,CurrentPlaybackTime=8,CurrentBufferSize=9,CurrentPlaybackState=PLAY,Action=StillPlaying,Bitrate=128503.0
2022-11-15 19:08:26,127 - dash_client.py:335 - INFO - BASIC: Downloaded segment http://server/media/BigBuckBunny/4sec/bunny_1207152bps/BigBuckBunny_4s12.m4s
2022-11-15 19:08:26,128 - dash_client.py:351 - INFO - BASIC : The total downloaded = 3128484, segment_size = 733302, segment_number = 13
2022-11-15 19:08:26,128 - dash_buffer.py:206 - INFO - Writing segment 13 at time 8.75333595276
2022-11-15 19:08:26,128 - dash_buffer.py:256 - INFO - BufferStats: EpochTime=8.75360107422,CurrentPlaybackTime=8,CurrentBufferSize=10,CurrentPlaybackState=PLAY,Action=Writing,Bitrate=1207152.0
2022-11-15 19:08:26,129 - dash_client.py:365 - INFO - Downloaded http://server/media/BigBuckBunny/4sec/bunny_1207152bps/BigBuckBunny_4s12.m4s. Size = 733302 in 1.17458105087 seconds
2022-11-15 19:08:26,129 - dash_client.py:241 - INFO -  BASIC: Processing the segment 14
2022-11-15 19:08:26,130 - basic_dash2.py:59 - INFO - Basic Adaptation: Download Rate = 5083665.21884, next_bitrate = 1473801.0
2022-11-15 19:08:26,130 - dash_client.py:264 - INFO - Basic-DASH: Selected 1473801.0 for the segment 15
2022-11-15 19:08:26,130 - dash_client.py:320 - INFO - BASIC: Segment URL = http://server/media/BigBuckBunny/4sec/bunny_1473801bps/BigBuckBunny_4s13.m4s
2022-11-15 19:08:27,650 - dash_client.py:335 - INFO - BASIC: Downloaded segment http://server/media/BigBuckBunny/4sec/bunny_1473801bps/BigBuckBunny_4s13.m4s
2022-11-15 19:08:27,651 - dash_client.py:351 - INFO - BASIC : The total downloaded = 4093732, segment_size = 965248, segment_number = 14
2022-11-15 19:08:27,651 - dash_buffer.py:206 - INFO - Writing segment 14 at time 10.2762320042
2022-11-15 19:08:27,651 - dash_buffer.py:256 - INFO - BufferStats: EpochTime=10.276501894,CurrentPlaybackTime=10,CurrentBufferSize=11,CurrentPlaybackState=PLAY,Action=Writing,Bitrate=1473801.0
2022-11-15 19:08:27,652 - dash_client.py:365 - INFO - Downloaded http://server/media/BigBuckBunny/4sec/bunny_1473801bps/BigBuckBunny_4s13.m4s. Size = 965248 in 1.52024316788 seconds
2022-11-15 19:08:27,652 - dash_client.py:241 - INFO -  BASIC: Processing the segment 15
2022-11-15 19:08:27,653 - basic_dash2.py:59 - INFO - Basic Adaptation: Download Rate = 5094557.73509, next_bitrate = 2087347.0
2022-11-15 19:08:27,653 - dash_client.py:264 - INFO - Basic-DASH: Selected 2087347.0 for the segment 16
2022-11-15 19:08:27,653 - dash_client.py:320 - INFO - BASIC: Segment URL = http://server/media/BigBuckBunny/4sec/bunny_2087347bps/BigBuckBunny_4s14.m4s
2022-11-15 19:08:27,653 - dash_client.py:323 - INFO - SLEEPING for 4seconds 
2022-11-15 19:08:29,380 - dash_buffer.py:162 - INFO - Reading the segment number 4 from the buffer at playtime 12
2022-11-15 19:08:29,380 - dash_buffer.py:256 - INFO - BufferStats: EpochTime=12.0057170391,CurrentPlaybackTime=12,CurrentBufferSize=10,CurrentPlaybackState=PLAY,Action=StillPlaying,Bitrate=177437.0
2022-11-15 19:08:33,380 - dash_buffer.py:162 - INFO - Reading the segment number 5 from the buffer at playtime 16
2022-11-15 19:08:33,381 - dash_buffer.py:256 - INFO - BufferStats: EpochTime=16.0059509277,CurrentPlaybackTime=16,CurrentBufferSize=9,CurrentPlaybackState=PLAY,Action=StillPlaying,Bitrate=217761.0
2022-11-15 19:08:33,760 - dash_client.py:335 - INFO - BASIC: Downloaded segment http://server/media/BigBuckBunny/4sec/bunny_2087347bps/BigBuckBunny_4s14.m4s
2022-11-15 19:08:33,760 - dash_client.py:351 - INFO - BASIC : The total downloaded = 5358879, segment_size = 1265147, segment_number = 15
2022-11-15 19:08:33,761 - dash_buffer.py:206 - INFO - Writing segment 15 at time 16.3858919144
2022-11-15 19:08:33,761 - dash_buffer.py:256 - INFO - BufferStats: EpochTime=16.38616395,CurrentPlaybackTime=16,CurrentBufferSize=10,CurrentPlaybackState=PLAY,Action=Writing,Bitrate=2087347.0
2022-11-15 19:08:33,761 - dash_client.py:365 - INFO - Downloaded http://server/media/BigBuckBunny/4sec/bunny_2087347bps/BigBuckBunny_4s14.m4s. Size = 1265147 in 2.10307693481 seconds
2022-11-15 19:08:33,761 - dash_client.py:241 - INFO -  BASIC: Processing the segment 16
2022-11-15 19:08:33,762 - basic_dash2.py:59 - INFO - Basic Adaptation: Download Rate = 5009676.45149, next_bitrate = 2409742.0
2022-11-15 19:08:33,763 - dash_client.py:264 - INFO - Basic-DASH: Selected 2409742.0 for the segment 17
2022-11-15 19:08:33,763 - dash_client.py:320 - INFO - BASIC: Segment URL = http://server/media/BigBuckBunny/4sec/bunny_2409742bps/BigBuckBunny_4s15.m4s
2022-11-15 19:08:34,838 - dash_client.py:335 - INFO - BASIC: Downloaded segment http://server/media/BigBuckBunny/4sec/bunny_2409742bps/BigBuckBunny_4s15.m4s
2022-11-15 19:08:34,839 - dash_client.py:351 - INFO - BASIC : The total downloaded = 5994502, segment_size = 635623, segment_number = 16
2022-11-15 19:08:34,839 - dash_buffer.py:206 - INFO - Writing segment 16 at time 17.4644989967
2022-11-15 19:08:34,840 - dash_buffer.py:256 - INFO - BufferStats: EpochTime=17.4647920132,CurrentPlaybackTime=17,CurrentBufferSize=11,CurrentPlaybackState=PLAY,Action=Writing,Bitrate=2409742.0
2022-11-15 19:08:34,840 - dash_client.py:365 - INFO - Downloaded http://server/media/BigBuckBunny/4sec/bunny_2409742bps/BigBuckBunny_4s15.m4s. Size = 635623 in 1.07570290565 seconds
2022-11-15 19:08:34,840 - dash_client.py:241 - INFO -  BASIC: Processing the segment 17
2022-11-15 19:08:34,841 - basic_dash2.py:59 - INFO - Basic Adaptation: Download Rate = 4948073.52335, next_bitrate = 2944291.0
2022-11-15 19:08:34,841 - dash_client.py:264 - INFO - Basic-DASH: Selected 2944291.0 for the segment 18
2022-11-15 19:08:34,842 - dash_client.py:320 - INFO - BASIC: Segment URL = http://server/media/BigBuckBunny/4sec/bunny_2944291bps/BigBuckBunny_4s16.m4s
2022-11-15 19:08:34,842 - dash_client.py:323 - INFO - SLEEPING for 4seconds 
2022-11-15 19:08:37,380 - dash_buffer.py:162 - INFO - Reading the segment number 6 from the buffer at playtime 20
2022-11-15 19:08:37,388 - dash_buffer.py:256 - INFO - BufferStats: EpochTime=20.013010025,CurrentPlaybackTime=20,CurrentBufferSize=10,CurrentPlaybackState=PLAY,Action=StillPlaying,Bitrate=255865.0
2022-11-15 19:08:40,576 - dash_client.py:335 - INFO - BASIC: Downloaded segment http://server/media/BigBuckBunny/4sec/bunny_2944291bps/BigBuckBunny_4s16.m4s
2022-11-15 19:08:40,576 - dash_client.py:351 - INFO - BASIC : The total downloaded = 7111758, segment_size = 1117256, segment_number = 17
2022-11-15 19:08:40,576 - dash_buffer.py:206 - INFO - Writing segment 17 at time 23.2018458843
2022-11-15 19:08:40,577 - dash_buffer.py:256 - INFO - BufferStats: EpochTime=23.2021160126,CurrentPlaybackTime=23,CurrentBufferSize=11,CurrentPlaybackState=PLAY,Action=Writing,Bitrate=2944291.0
2022-11-15 19:08:40,577 - dash_client.py:365 - INFO - Downloaded http://server/media/BigBuckBunny/4sec/bunny_2944291bps/BigBuckBunny_4s16.m4s. Size = 1117256 in 1.73003697395 seconds
2022-11-15 19:08:40,577 - dash_client.py:241 - INFO -  BASIC: Processing the segment 18
2022-11-15 19:08:40,578 - basic_dash2.py:59 - INFO - Basic Adaptation: Download Rate = 4962439.42019, next_bitrate = 3340509.0
2022-11-15 19:08:40,578 - dash_client.py:264 - INFO - Basic-DASH: Selected 3340509.0 for the segment 19
2022-11-15 19:08:40,579 - dash_client.py:320 - INFO - BASIC: Segment URL = http://server/media/BigBuckBunny/4sec/bunny_3340509bps/BigBuckBunny_4s17.m4s
2022-11-15 19:08:40,579 - dash_client.py:323 - INFO - SLEEPING for 4seconds 
2022-11-15 19:08:41,380 - dash_buffer.py:162 - INFO - Reading the segment number 7 from the buffer at playtime 24
2022-11-15 19:08:41,380 - dash_buffer.py:256 - INFO - BufferStats: EpochTime=24.0057339668,CurrentPlaybackTime=24,CurrentBufferSize=10,CurrentPlaybackState=PLAY,Action=StillPlaying,Bitrate=323047.0
2022-11-15 19:08:45,380 - dash_buffer.py:162 - INFO - Reading the segment number 8 from the buffer at playtime 28
2022-11-15 19:08:45,381 - dash_buffer.py:256 - INFO - BufferStats: EpochTime=28.0059199333,CurrentPlaybackTime=28,CurrentBufferSize=9,CurrentPlaybackState=PLAY,Action=StillPlaying,Bitrate=378355.0
2022-11-15 19:08:47,287 - dash_client.py:335 - INFO - BASIC: Downloaded segment http://server/media/BigBuckBunny/4sec/bunny_3340509bps/BigBuckBunny_4s17.m4s
2022-11-15 19:08:47,288 - dash_client.py:351 - INFO - BASIC : The total downloaded = 8784915, segment_size = 1673157, segment_number = 18
2022-11-15 19:08:47,288 - dash_buffer.py:206 - INFO - Writing segment 18 at time 29.9131729603
2022-11-15 19:08:47,288 - dash_buffer.py:256 - INFO - BufferStats: EpochTime=29.913574934,CurrentPlaybackTime=29,CurrentBufferSize=10,CurrentPlaybackState=PLAY,Action=Writing,Bitrate=3340509.0
2022-11-15 19:08:47,289 - dash_client.py:365 - INFO - Downloaded http://server/media/BigBuckBunny/4sec/bunny_3340509bps/BigBuckBunny_4s17.m4s. Size = 1673157 in 2.7043030262 seconds
2022-11-15 19:08:47,289 - dash_client.py:241 - INFO -  BASIC: Processing the segment 19
2022-11-15 19:08:47,290 - basic_dash2.py:59 - INFO - Basic Adaptation: Download Rate = 4954522.00442, next_bitrate = 3613836.0
2022-11-15 19:08:47,290 - dash_client.py:264 - INFO - Basic-DASH: Selected 3613836.0 for the segment 20
2022-11-15 19:08:47,290 - dash_client.py:320 - INFO - BASIC: Segment URL = http://server/media/BigBuckBunny/4sec/bunny_3613836bps/BigBuckBunny_4s18.m4s
2022-11-15 19:08:49,380 - dash_buffer.py:162 - INFO - Reading the segment number 9 from the buffer at playtime 32
2022-11-15 19:08:49,380 - dash_buffer.py:256 - INFO - BufferStats: EpochTime=32.0057780743,CurrentPlaybackTime=32,CurrentBufferSize=9,CurrentPlaybackState=PLAY,Action=StillPlaying,Bitrate=509091.0
2022-11-15 19:08:49,521 - dash_client.py:335 - INFO - BASIC: Downloaded segment http://server/media/BigBuckBunny/4sec/bunny_3613836bps/BigBuckBunny_4s18.m4s
2022-11-15 19:08:49,521 - dash_client.py:351 - INFO - BASIC : The total downloaded = 10103578, segment_size = 1318663, segment_number = 19
2022-11-15 19:08:49,522 - dash_buffer.py:206 - INFO - Writing segment 19 at time 32.1470088959
2022-11-15 19:08:49,522 - dash_buffer.py:256 - INFO - BufferStats: EpochTime=32.1472918987,CurrentPlaybackTime=32,CurrentBufferSize=10,CurrentPlaybackState=PLAY,Action=Writing,Bitrate=3613836.0
2022-11-15 19:08:49,522 - dash_client.py:365 - INFO - Downloaded http://server/media/BigBuckBunny/4sec/bunny_3613836bps/BigBuckBunny_4s18.m4s. Size = 1318663 in 2.23084497452 seconds
2022-11-15 19:08:49,522 - dash_client.py:241 - INFO -  BASIC: Processing the segment 20
2022-11-15 19:08:49,523 - basic_dash2.py:59 - INFO - Basic Adaptation: Download Rate = 4884085.72185, next_bitrate = 3936261.0
2022-11-15 19:08:49,524 - dash_client.py:264 - INFO - Basic-DASH: Selected 3936261.0 for the segment 21
2022-11-15 19:08:49,524 - dash_client.py:320 - INFO - BASIC: Segment URL = http://server/media/BigBuckBunny/4sec/bunny_3936261bps/BigBuckBunny_4s19.m4s
